<?xml version="1.0" encoding="UTF-8"?>
<testng-results ignored="0" total="2" passed="2" failed="0" skipped="0">
  <reporter-output>
  </reporter-output>
  <suite started-at="2022-12-30T13:53:21 IST" name="Default suite" finished-at="2022-12-30T13:53:21 IST" duration-ms="59">
    <groups>
    </groups>
    <test started-at="2022-12-30T13:53:21 IST" name="Default test" finished-at="2022-12-30T13:53:21 IST" duration-ms="59">
      <class name="qaclickacademy.RestApiTest">
        <test-method signature="deleteTwitter()[pri:0, instance:qaclickacademy.RestApiTest@52102734]" started-at="2022-12-30T13:53:21 IST" name="deleteTwitter" finished-at="2022-12-30T13:53:21 IST" duration-ms="11" status="PASS">
          <reporter-output>
          </reporter-output>
        </test-method> <!-- deleteTwitter -->
        <test-method signature="postJira()[pri:0, instance:qaclickacademy.RestApiTest@52102734]" started-at="2022-12-30T13:53:21 IST" name="postJira" finished-at="2022-12-30T13:53:21 IST" duration-ms="2" status="PASS">
          <reporter-output>
          </reporter-output>
        </test-method> <!-- postJira -->
      </class> <!-- qaclickacademy.RestApiTest -->
    </test> <!-- Default test -->
  </suite> <!-- Default suite -->
</testng-results>
